[    0.000000] Linux version 4.15.0-197-generic (buildd@lcy02-amd64-110) (gcc version 7.5.0 (Ubuntu 7.5.0-3ubuntu1~18.04)) #208-Ubuntu SMP Tue Nov 1 17:23:37 UTC 2022 (Ubuntu 4.15.0-197.208-generic 4.15.18)
[    0.000000] Command line: BOOT_IMAGE=/boot/vmlinuz-4.15.0-197-generic root=LABEL=cloudimg-rootfs ro console=tty1 console=ttyS0
[    0.000000] KERNEL supported cpus:
[    0.000000]   Intel GenuineIntel
[    0.000000]   AMD AuthenticAMD
[    0.000000]   Centaur CentaurHauls
[    0.000000] x86/fpu: Supporting XSAVE feature 0x001: 'x87 floating point registers'
[    0.000000] x86/fpu: Supporting XSAVE feature 0x002: 'SSE registers'
[    0.000000] x86/fpu: Supporting XSAVE feature 0x004: 'AVX registers'
[    0.000000] x86/fpu: xstate_offset[2]:  576, xstate_sizes[2]:  256
[    0.000000] x86/fpu: Enabled xstate features 0x7, context size is 832 bytes, using 'standard' format.
[    0.000000] e820: BIOS-provided physical RAM map:
[    0.000000] BIOS-e820: [mem 0x0000000000000000-0x000000000009fbff] usable
[    0.000000] BIOS-e820: [mem 0x000000000009fc00-0x000000000009ffff] reserved
[    0.000000] BIOS-e820: [mem 0x00000000000f0000-0x00000000000fffff] reserved
[    0.000000] BIOS-e820: [mem 0x0000000000100000-0x000000003ffeffff] usable
[    0.000000] BIOS-e820: [mem 0x000000003fff0000-0x000000003fffffff] ACPI data
[    0.000000] BIOS-e820: [mem 0x00000000fec00000-0x00000000fec00fff] reserved
[    0.000000] BIOS-e820: [mem 0x00000000fee00000-0x00000000fee00fff] reserved
[    0.000000] BIOS-e820: [mem 0x00000000fffc0000-0x00000000ffffffff] reserved
[    0.000000] NX (Execute Disable) protection: active
[    0.000000] SMBIOS 2.5 present.
[    0.000000] DMI: innotek GmbH VirtualBox/VirtualBox, BIOS VirtualBox 12/01/2006
[    0.000000] Hypervisor detected: KVM
[    0.000000] e820: last_pfn = 0x3fff0 max_arch_pfn = 0x400000000
[    0.000000] MTRR: Disabled
[    0.000000] x86/PAT: MTRRs disabled, skipping PAT initialization too.
[    0.000000] CPU MTRRs all blank - virtualized system.
[    0.000000] x86/PAT: Configuration [0-7]: WB  WT  UC- UC  WB  WT  UC- UC  
[    0.000000] found SMP MP-table at [mem 0x0009fff0-0x0009ffff]
[    0.000000] Scanning 1 areas for low memory corruption
[    0.000000] RAMDISK: [mem 0x359c7000-0x36cdafff]
[    0.000000] ACPI: Early table checksum verification disabled
[    0.000000] ACPI: RSDP 0x00000000000E0000 000024 (v02 VBOX  )
[    0.000000] ACPI: XSDT 0x000000003FFF0030 00003C (v01 VBOX   VBOXXSDT 00000001 ASL  00000061)
[    0.000000] ACPI: FACP 0x000000003FFF00F0 0000F4 (v04 VBOX   VBOXFACP 00000001 ASL  00000061)
[    0.000000] ACPI: DSDT 0x000000003FFF0610 002353 (v02 VBOX   VBOXBIOS 00000002 INTL 20100528)
[    0.000000] ACPI: FACS 0x000000003FFF0200 000040
[    0.000000] ACPI: FACS 0x000000003FFF0200 000040
[    0.000000] ACPI: APIC 0x000000003FFF0240 00005C (v02 VBOX   VBOXAPIC 00000001 ASL  00000061)
[    0.000000] ACPI: SSDT 0x000000003FFF02A0 00036C (v01 VBOX   VBOXCPUT 00000002 INTL 20100528)
[    0.000000] ACPI: Reserving FACP table memory at [mem 0x3fff00f0-0x3fff01e3]
[    0.000000] ACPI: Reserving DSDT table memory at [mem 0x3fff0610-0x3fff2962]
[    0.000000] ACPI: Reserving FACS table memory at [mem 0x3fff0200-0x3fff023f]
[    0.000000] ACPI: Reserving FACS table memory at [mem 0x3fff0200-0x3fff023f]
[    0.000000] ACPI: Reserving APIC table memory at [mem 0x3fff0240-0x3fff029b]
[    0.000000] ACPI: Reserving SSDT table memory at [mem 0x3fff02a0-0x3fff060b]
[    0.000000] No NUMA configuration found
[    0.000000] Faking a node at [mem 0x0000000000000000-0x000000003ffeffff]
[    0.000000] NODE_DATA(0) allocated [mem 0x3ffc5000-0x3ffeffff]
[    0.000000] kvm-clock: cpu 0, msr 0:3ff44001, primary cpu clock
[    0.000000] kvm-clock: Using msrs 4b564d01 and 4b564d00
[    0.000000] kvm-clock: using sched offset of 3321100174 cycles
[    0.000000] clocksource: kvm-clock: mask: 0xffffffffffffffff max_cycles: 0x1cd42e4dffb, max_idle_ns: 881590591483 ns
[    0.000000] Zone ranges:
[    0.000000]   DMA      [mem 0x0000000000001000-0x0000000000ffffff]
[    0.000000]   DMA32    [mem 0x0000000001000000-0x000000003ffeffff]
[    0.000000]   Normal   empty
[    0.000000]   Device   empty
[    0.000000] Movable zone start for each node
[    0.000000] Early memory node ranges
[    0.000000]   node   0: [mem 0x0000000000001000-0x000000000009efff]
[    0.000000]   node   0: [mem 0x0000000000100000-0x000000003ffeffff]
[    0.000000] Reserved but unavailable: 104 pages
[    0.000000] Initmem setup node 0 [mem 0x0000000000001000-0x000000003ffeffff]
[    0.000000] ACPI: PM-Timer IO Port: 0x4008
[    0.000000] IOAPIC[0]: apic_id 2, version 32, address 0xfec00000, GSI 0-23
[    0.000000] ACPI: INT_SRC_OVR (bus 0 bus_irq 0 global_irq 2 dfl dfl)
[    0.000000] ACPI: INT_SRC_OVR (bus 0 bus_irq 9 global_irq 9 low level)
[    0.000000] Using ACPI (MADT) for SMP configuration information
[    0.000000] smpboot: Allowing 2 CPUs, 0 hotplug CPUs
[    0.000000] PM: Registered nosave memory: [mem 0x00000000-0x00000fff]
[    0.000000] PM: Registered nosave memory: [mem 0x0009f000-0x0009ffff]
[    0.000000] PM: Registered nosave memory: [mem 0x000a0000-0x000effff]
[    0.000000] PM: Registered nosave memory: [mem 0x000f0000-0x000fffff]
[    0.000000] e820: [mem 0x40000000-0xfebfffff] available for PCI devices
[    0.000000] Booting paravirtualized kernel on KVM
[    0.000000] clocksource: refined-jiffies: mask: 0xffffffff max_cycles: 0xffffffff, max_idle_ns: 7645519600211568 ns
[    0.000000] setup_percpu: NR_CPUS:8192 nr_cpumask_bits:2 nr_cpu_ids:2 nr_node_ids:1
[    0.000000] percpu: Embedded 50 pages/cpu s167936 r8192 d28672 u1048576
[    0.000000] PV qspinlock hash table entries: 256 (order: 0, 4096 bytes)
[    0.000000] Built 1 zonelists, mobility grouping on.  Total pages: 257913
[    0.000000] Policy zone: DMA32
[    0.000000] Kernel command line: BOOT_IMAGE=/boot/vmlinuz-4.15.0-197-generic root=LABEL=cloudimg-rootfs ro console=tty1 console=ttyS0
[    0.000000] Memory: 982644K/1048120K available (12300K kernel code, 2477K rwdata, 4320K rodata, 2472K init, 2720K bss, 65476K reserved, 0K cma-reserved)
[    0.000000] SLUB: HWalign=64, Order=0-3, MinObjects=0, CPUs=2, Nodes=1
[    0.000000] ftrace: allocating 39478 entries in 155 pages
[    0.004000] Hierarchical RCU implementation.
[    0.004000] 	RCU restricting CPUs from NR_CPUS=8192 to nr_cpu_ids=2.
[    0.004000] 	Tasks RCU enabled.
[    0.004000] RCU: Adjusting geometry for rcu_fanout_leaf=16, nr_cpu_ids=2
[    0.004000] NR_IRQS: 524544, nr_irqs: 440, preallocated irqs: 16
[    0.004000] random: crng init done
[    0.004000] Console: colour VGA+ 80x25
[    0.004000] console [tty1] enabled
[    0.004000] console [ttyS0] enabled
[    0.004000] ACPI: Core revision 20170831
[    0.004000] ACPI: 2 ACPI AML tables successfully acquired and loaded
[    0.004000] APIC: Switch to symmetric I/O mode setup
[    0.004000] x2apic enabled
[    0.004000] Switched APIC routing to physical x2apic.
[    0.004000] ..TIMER: vector=0x30 apic1=0 pin1=2 apic2=-1 pin2=-1
[    0.004000] tsc: Detected 2995.200 MHz processor
[    0.004000] Calibrating delay loop (skipped) preset value.. 5990.40 BogoMIPS (lpj=11980800)
[    0.004005] pid_max: default: 32768 minimum: 301
[    0.004533] Security Framework initialized
[    0.005112] Yama: becoming mindful.
[    0.005639] AppArmor: AppArmor initialized
[    0.008017] Dentry cache hash table entries: 131072 (order: 8, 1048576 bytes)
[    0.008968] Inode-cache hash table entries: 65536 (order: 7, 524288 bytes)
[    0.012009] Mount-cache hash table entries: 2048 (order: 2, 16384 bytes)
[    0.012707] Mountpoint-cache hash table entries: 2048 (order: 2, 16384 bytes)
[    0.013708] Last level iTLB entries: 4KB 0, 2MB 0, 4MB 0
[    0.014345] Last level dTLB entries: 4KB 0, 2MB 0, 4MB 0, 1GB 0
[    0.015046] Spectre V1 : Mitigation: usercopy/swapgs barriers and __user pointer sanitization
[    0.015980] Spectre V2 : Mitigation: Retpolines
[    0.016001] Spectre V2 : Spectre v2 / SpectreRSB mitigation: Filling RSB on context switch
[    0.016965] Speculative Store Bypass: Vulnerable
[    0.018258] Freeing SMP alternatives memory: 36K
[    0.128829] smpboot: CPU0: 11th Gen Intel(R) Core(TM) i3-1115G4 @ 3.00GHz (family: 0x6, model: 0x8c, stepping: 0x1)
[    0.132000] Performance Events: unsupported p6 CPU model 140 no PMU driver, software events only.
[    0.132064] Hierarchical SRCU implementation.
[    0.134080] NMI watchdog: Perf event create on CPU 0 failed with -2
[    0.136005] NMI watchdog: Perf NMI watchdog permanently disabled
[    0.136987] smp: Bringing up secondary CPUs ...
[    0.137701] x86: Booting SMP configuration:
[    0.140003] .... node  #0, CPUs:      #1
[    0.004000] kvm-clock: cpu 1, msr 0:3ff44041, secondary cpu clock
[    0.143627] smp: Brought up 1 node, 2 CPUs
[    0.144005] smpboot: Max logical packages: 1
[    0.144654] smpboot: Total of 2 processors activated (11980.80 BogoMIPS)
[    0.145452] devtmpfs: initialized
[    0.145452] x86/mm: Memory block size: 128MB
[    0.145452] evm: security.selinux
[    0.145498] evm: security.SMACK64
[    0.148003] evm: security.SMACK64EXEC
[    0.148414] evm: security.SMACK64TRANSMUTE
[    0.148863] evm: security.SMACK64MMAP
[    0.149326] evm: security.apparmor
[    0.149769] evm: security.ima
[    0.150124] evm: security.capability
[    0.150590] clocksource: jiffies: mask: 0xffffffff max_cycles: 0xffffffff, max_idle_ns: 7645041785100000 ns
[    0.150590] futex hash table entries: 512 (order: 3, 32768 bytes)
[    0.152039] pinctrl core: initialized pinctrl subsystem
[    0.155549] RTC time:  5:22:31, date: 11/24/22
[    0.156120] NET: Registered protocol family 16
[    0.156676] audit: initializing netlink subsys (disabled)
[    0.157323] audit: type=2000 audit(1669267356.221:1): state=initialized audit_enabled=0 res=1
[    0.157409] cpuidle: using governor ladder
[    0.157409] cpuidle: using governor menu
[    0.160037] ACPI: bus type PCI registered
[    0.160652] acpiphp: ACPI Hot Plug PCI Controller Driver version: 0.5
[    0.161509] PCI: Using configuration type 1 for base access
[    0.162184] HugeTLB registered 2.00 MiB page size, pre-allocated 0 pages
[    0.164070] ACPI: Added _OSI(Module Device)
[    0.164601] ACPI: Added _OSI(Processor Device)
[    0.165156] ACPI: Added _OSI(3.0 _SCP Extensions)
[    0.165666] ACPI: Added _OSI(Processor Aggregator Device)
[    0.166357] ACPI: Added _OSI(Linux-Dell-Video)
[    0.166827] ACPI: Added _OSI(Linux-Lenovo-NV-HDMI-Audio)
[    0.168006] ACPI: Added _OSI(Linux-HPI-Hybrid-Graphics)
[    0.168828] ACPI: Executed 1 blocks of module-level executable AML code
[    0.172408] ACPI: Interpreter enabled
[    0.172918] ACPI: (supports S0 S5)
[    0.173326] ACPI: Using IOAPIC for interrupt routing
[    0.174052] PCI: Using host bridge windows from ACPI; if necessary, use "pci=nocrs" and report a bug
[    0.175297] ACPI: Enabled 2 GPEs in block 00 to 07
[    0.180856] ACPI: PCI Root Bridge [PCI0] (domain 0000 [bus 00-ff])
[    0.181650] acpi PNP0A03:00: _OSC: OS supports [ASPM ClockPM Segments MSI]
[    0.182842] acpi PNP0A03:00: _OSC: not requesting OS control; OS requires [ExtendedConfig ASPM ClockPM MSI]
[    0.184015] acpi PNP0A03:00: fail to add MMCONFIG information, can't access extended PCI configuration space under this bridge.
[    0.185672] PCI host bridge to bus 0000:00
[    0.186221] pci_bus 0000:00: root bus resource [io  0x0000-0x0cf7 window]
[    0.187051] pci_bus 0000:00: root bus resource [io  0x0d00-0xffff window]
[    0.187872] pci_bus 0000:00: root bus resource [mem 0x000a0000-0x000bffff window]
[    0.188002] pci_bus 0000:00: root bus resource [mem 0x40000000-0xfdffffff window]
[    0.188948] pci_bus 0000:00: root bus resource [bus 00-ff]
[    0.191038] pci 0000:00:01.1: legacy IDE quirk: reg 0x10: [io  0x01f0-0x01f7]
[    0.192002] pci 0000:00:01.1: legacy IDE quirk: reg 0x14: [io  0x03f6]
[    0.192823] pci 0000:00:01.1: legacy IDE quirk: reg 0x18: [io  0x0170-0x0177]
[    0.193684] pci 0000:00:01.1: legacy IDE quirk: reg 0x1c: [io  0x0376]
[    0.203651] pci 0000:00:07.0: quirk: [io  0x4000-0x403f] claimed by PIIX4 ACPI
[    0.204012] pci 0000:00:07.0: quirk: [io  0x4100-0x410f] claimed by PIIX4 SMB
[    0.209593] ACPI: PCI Interrupt Link [LNKA] (IRQs 5 9 10 *11)
[    0.210563] ACPI: PCI Interrupt Link [LNKB] (IRQs 5 9 *10 11)
[    0.211344] ACPI: PCI Interrupt Link [LNKC] (IRQs 5 *9 10 11)
[    0.212051] ACPI: PCI Interrupt Link [LNKD] (IRQs 5 9 10 *11)
[    0.212996] SCSI subsystem initialized
[    0.213511] pci 0000:00:02.0: vgaarb: setting as boot VGA device
[    0.213511] pci 0000:00:02.0: vgaarb: VGA device added: decodes=io+mem,owns=io+mem,locks=none
[    0.213717] pci 0000:00:02.0: vgaarb: bridge control possible
[    0.214342] vgaarb: loaded
[    0.216028] ACPI: bus type USB registered
[    0.216467] usbcore: registered new interface driver usbfs
[    0.217139] usbcore: registered new interface driver hub
[    0.217698] usbcore: registered new device driver usb
[    0.218364] EDAC MC: Ver: 3.0.0
[    0.218364] PCI: Using ACPI for IRQ routing
[    0.220063] NetLabel: Initializing
[    0.220512] NetLabel:  domain hash size = 128
[    0.221064] NetLabel:  protocols = UNLABELED CIPSOv4 CALIPSO
[    0.221837] NetLabel:  unlabeled traffic allowed by default
[    0.222505] clocksource: Switched to clocksource kvm-clock
[    0.236141] VFS: Disk quotas dquot_6.6.0
[    0.236862] VFS: Dquot-cache hash table entries: 512 (order 0, 4096 bytes)
[    0.237646] AppArmor: AppArmor Filesystem Enabled
[    0.238282] pnp: PnP ACPI init
[    0.239408] pnp: PnP ACPI: found 3 devices
[    0.246677] clocksource: acpi_pm: mask: 0xffffff max_cycles: 0xffffff, max_idle_ns: 2085701024 ns
[    0.248226] NET: Registered protocol family 2
[    0.248851] IP idents hash table entries: 16384 (order: 5, 131072 bytes)
[    0.252561] TCP established hash table entries: 8192 (order: 4, 65536 bytes)
[    0.253299] TCP bind hash table entries: 8192 (order: 5, 131072 bytes)
[    0.254068] TCP: Hash tables configured (established 8192 bind 8192)
[    0.254728] UDP hash table entries: 512 (order: 2, 16384 bytes)
[    0.255333] UDP-Lite hash table entries: 512 (order: 2, 16384 bytes)
[    0.256085] NET: Registered protocol family 1
[    0.256639] pci 0000:00:00.0: Limiting direct PCI/PCI transfers
[    0.257260] pci 0000:00:01.0: Activating ISA DMA hang workarounds
[    0.257997] pci 0000:00:02.0: Video device with shadowed ROM at [mem 0x000c0000-0x000dffff]
[    0.259019] Unpacking initramfs...
[    0.653512] Freeing initrd memory: 19536K
[    0.654236] clocksource: tsc: mask: 0xffffffffffffffff max_cycles: 0x2b2c8ec87c7, max_idle_ns: 440795278598 ns
[    0.656899] platform rtc_cmos: registered platform RTC device (no PNP device found)
[    0.658373] Scanning for low memory corruption every 60 seconds
[    0.660242] Initialise system trusted keyrings
[    0.660829] Key type blacklist registered
[    0.661960] workingset: timestamp_bits=36 max_order=18 bucket_order=0
[    0.664402] zbud: loaded
[    0.666073] squashfs: version 4.0 (2009/01/31) Phillip Lougher
[    0.667537] fuse init (API version 7.26)
[    0.669865] Key type asymmetric registered
[    0.670542] Asymmetric key parser 'x509' registered
[    0.671212] Block layer SCSI generic (bsg) driver version 0.4 loaded (major 246)
[    0.672030] io scheduler noop registered
[    0.672499] io scheduler deadline registered
[    0.673030] io scheduler cfq registered (default)
[    0.673808] ACPI: AC Adapter [AC] (on-line)
[    0.674490] input: Power Button as /devices/LNXSYSTM:00/LNXPWRBN:00/input/input0
[    0.675457] ACPI: Power Button [PWRF]
[    0.676088] input: Sleep Button as /devices/LNXSYSTM:00/LNXSLPBN:00/input/input1
[    0.676919] ACPI: Sleep Button [SLPF]
[    0.678064] ACPI: Battery Slot [BAT0] (battery present)
[    0.678775] Serial: 8250/16550 driver, 32 ports, IRQ sharing enabled
[    0.699991] 00:02: ttyS0 at I/O 0x3f8 (irq = 4, base_baud = 115200) is a 16550A
[    0.706351] Linux agpgart interface v0.103
[    0.708070] loop: module loaded
[    0.708996] scsi host0: ata_piix
[    0.709552] scsi host1: ata_piix
[    0.709969] ata1: PATA max UDMA/33 cmd 0x1f0 ctl 0x3f6 bmdma 0xd000 irq 14
[    0.710666] ata2: PATA max UDMA/33 cmd 0x170 ctl 0x376 bmdma 0xd008 irq 15
[    0.711437] tun: Universal TUN/TAP device driver, 1.6
[    0.712170] PPP generic driver version 2.4.2
[    0.712708] ehci_hcd: USB 2.0 'Enhanced' Host Controller (EHCI) Driver
[    0.713476] ehci-pci: EHCI PCI platform driver
[    0.714027] ehci-platform: EHCI generic platform driver
[    0.714650] ohci_hcd: USB 1.1 'Open' Host Controller (OHCI) Driver
[    0.715388] ohci-pci: OHCI PCI platform driver
[    0.715929] ohci-platform: OHCI generic platform driver
[    0.716598] uhci_hcd: USB Universal Host Controller Interface driver
[    0.717280] i8042: PNP: PS/2 Controller [PNP0303:PS2K,PNP0f03:PS2M] at 0x60,0x64 irq 1,12
[    0.718626] serio: i8042 KBD port at 0x60,0x64 irq 1
[    0.719415] serio: i8042 AUX port at 0x60,0x64 irq 12
[    0.720243] mousedev: PS/2 mouse device common for all mice
[    0.721221] rtc_cmos rtc_cmos: rtc core: registered rtc_cmos as rtc0
[    0.721942] input: AT Translated Set 2 keyboard as /devices/platform/i8042/serio0/input/input2
[    0.722962] rtc_cmos rtc_cmos: alarms up to one day, 114 bytes nvram
[    0.723702] i2c /dev entries driver
[    0.724197] device-mapper: uevent: version 1.0.3
[    0.724876] device-mapper: ioctl: 4.37.0-ioctl (2017-09-20) initialised: dm-devel@redhat.com
[    0.725995] ledtrig-cpu: registered to indicate activity on CPUs
[    0.726840] NET: Registered protocol family 10
[    0.729648] Segment Routing with IPv6
[    0.730075] NET: Registered protocol family 17
[    0.730672] Key type dns_resolver registered
[    0.731267] mce: Using 0 MCE banks
[    0.731728] RAS: Correctable Errors collector initialized.
[    0.732316] sched_clock: Marking stable (732299646, 0)->(879029406, -146729760)
[    0.733499] registered taskstats version 1
[    0.734030] Loading compiled-in X.509 certificates
[    0.736019] Loaded X.509 cert 'Build time autogenerated kernel key: ffc9dd3886e7b6bb89620497cc57c4262b59bc54'
[    0.737653] Loaded X.509 cert 'Canonical Ltd. Live Patch Signing: 14df34d1a87cf37625abec039ef2bf521249b969'
[    0.739132] Loaded X.509 cert 'Canonical Ltd. Kernel Module Signing: 88f752e560a1e0737e31163a466ad7b70a850c19'
[    0.740342] blacklist: Loading compiled-in revocation X.509 certificates
[    0.741157] Loaded X.509 cert 'Canonical Ltd. Secure Boot Signing: 61482aa2830d0ab2ad5af10b7250da9033ddcef0'
[    0.742281] zswap: loaded using pool lzo/zbud
[    0.744913] Key type big_key registered
[    0.745361] Key type trusted registered
[    0.746786] Key type encrypted registered
[    0.747224] AppArmor: AppArmor sha1 policy hashing enabled
[    0.747898] ima: No TPM chip found, activating TPM-bypass! (rc=-19)
[    0.748697] ima: Allocated hash algorithm: sha1
[    0.749247] evm: HMAC attrs: 0x1
[    0.749830]   Magic number: 14:186:366
[    0.750400] rtc_cmos rtc_cmos: setting system clock to 2022-11-24 05:22:32 UTC (1669267352)
[    0.751521] BIOS EDD facility v0.16 2004-Jun-25, 0 devices found
[    0.752175] EDD information not available.
[    0.892775] Freeing unused kernel image memory: 2472K
[    1.128740] Write protecting the kernel read-only data: 20480k
[    1.129913] Freeing unused kernel image memory: 2008K
[    1.130949] Freeing unused kernel image memory: 1824K
[    1.136132] x86/mm: Checked W+X mappings: passed, no W+X pages found.
Loading, please wait...
starting version 237
[    1.187050] Fusion MPT base driver 3.04.20
[    1.187825] Copyright (c) 1999-2008 LSI Corporation
[    1.195204] e1000: Intel(R) PRO/1000 Network Driver - version 7.3.21-k8-NAPI
[    1.196466] e1000: Copyright (c) 1999-2006 Intel Corporation.
[    1.210764] Fusion MPT SPI Host driver 3.04.20
[    1.215408] AVX2 version of gcm_enc/dec engaged.
[    1.216181] AES CTR mode by8 optimization enabled
[    1.398226] input: ImExPS/2 Generic Explorer Mouse as /devices/platform/i8042/serio1/input/input4
[    1.672855] e1000 0000:00:03.0 eth0: (PCI:33MHz:32-bit) 02:a6:12:9f:2a:1a
[    1.674714] e1000 0000:00:03.0 eth0: Intel(R) PRO/1000 Network Connection
[    1.678218] mptbase: ioc0: Initiating bringup
[    1.679138] e1000 0000:00:03.0 enp0s3: renamed from eth0
[    3.183327] ioc0: LSI53C1030 A0: Capabilities={Initiator}
[    6.489026] scsi host2: ioc0: LSI53C1030 A0, FwRev=00000000h, Ports=1, MaxQ=256, IRQ=20
[    8.107952] scsi 2:0:0:0: Direct-Access     VBOX     HARDDISK         1.0  PQ: 0 ANSI: 5
[    8.652067] scsi target2:0:0: Beginning Domain Validation
[    8.658853] scsi target2:0:0: Domain Validation skipping write tests
[    8.660932] scsi target2:0:0: Ending Domain Validation
[    8.661557] scsi target2:0:0: asynchronous
[    8.662291] scsi 2:0:1:0: Direct-Access     VBOX     HARDDISK         1.0  PQ: 0 ANSI: 5
[   10.185037] scsi target2:0:1: Beginning Domain Validation
[   10.189342] scsi target2:0:1: Domain Validation skipping write tests
[   10.191527] scsi target2:0:1: Ending Domain Validation
[   10.193413] scsi target2:0:1: asynchronous
[   10.197851] sd 2:0:0:0: Attached scsi generic sg0 type 0
[   10.198852] sd 2:0:0:0: [sda] 83886080 512-byte logical blocks: (42.9 GB/40.0 GiB)
[   10.198883] sd 2:0:1:0: Attached scsi generic sg1 type 0
[   10.203510] sd 2:0:0:0: [sda] Write Protect is off
[   10.204318] sd 2:0:1:0: [sdb] 20480 512-byte logical blocks: (10.5 MB/10.0 MiB)
[   10.205649] sd 2:0:1:0: [sdb] Write Protect is off
[   10.208060] sd 2:0:0:0: [sda] Incomplete mode parameter data
[   10.212000] sd 2:0:0:0: [sda] Assuming drive cache: write through
[   10.212146] sd 2:0:1:0: [sdb] Incomplete mode parameter data
[   10.214252] sd 2:0:1:0: [sdb] Assuming drive cache: write through
[   10.215844]  sda: sda1
[   10.216533] sd 2:0:1:0: [sdb] Attached SCSI disk
[   10.217090] sd 2:0:0:0: [sda] Attached SCSI disk
Begin: Loading essential drivers ... [   11.620437] raid6: sse2x1   gen()  9451 MB/s
[   11.668078] raid6: sse2x1   xor()  5042 MB/s
[   11.716375] raid6: sse2x2   gen() 14052 MB/s
[   11.764021] raid6: sse2x2   xor() 10408 MB/s
[   11.812047] raid6: sse2x4   gen() 14993 MB/s
[   11.860038] raid6: sse2x4   xor()  9689 MB/s
[   11.908028] raid6: avx2x1   gen() 28086 MB/s
[   11.956045] raid6: avx2x1   xor() 16753 MB/s
[   12.004115] raid6: avx2x2   gen() 34291 MB/s
[   12.052064] raid6: avx2x2   xor() 21756 MB/s
[   12.100078] raid6: avx2x4   gen() 23817 MB/s
[   12.148059] raid6: avx2x4   xor() 15867 MB/s
[   12.148879] raid6: using algorithm avx2x2 gen() 34291 MB/s
[   12.149947] raid6: .... xor() 21756 MB/s, rmw enabled
[   12.150611] raid6: using avx2x2 recovery algorithm
[   12.152130] xor: automatically using best checksumming function   avx       
[   12.154422] async_tx: api initialized (async)
done.
Begin: Running /scripts/init-premount ... done.
Begin: Mounting root file system ... Begin: Running /scripts/local-top ... done.
Begin: Running /scripts/local-premount ... [   12.194871] Btrfs loaded, crc32c=crc32c-intel
Scanning for Btrfs filesystems
done.
Warning: fsck not present, so skipping root file system
[   12.215611] EXT4-fs (sda1): mounted filesystem with ordered data mode. Opts: (null)
done.
Begin: Running /scripts/local-bottom ... done.
Begin: Running /scripts/init-bottom ... done.
[   12.355917] ip_tables: (C) 2000-2006 Netfilter Core Team
[   12.361319] systemd[1]: systemd 237 running in system mode. (+PAM +AUDIT +SELINUX +IMA +APPARMOR +SMACK +SYSVINIT +UTMP +LIBCRYPTSETUP +GCRYPT +GNUTLS +ACL +XZ +LZ4 +SECCOMP +BLKID +ELFUTILS +KMOD -IDN2 +IDN -PCRE2 default-hierarchy=hybrid)
[   12.363629] systemd[1]: Detected virtualization oracle.
[   12.364334] systemd[1]: Detected architecture x86-64.

Welcome to [1mUbuntu 18.04.6 LTS[0m!

[   12.367979] systemd[1]: Set hostname to <ubuntu>.
[   12.370251] systemd[1]: Initializing machine ID from random generator.
[   12.370924] systemd[1]: Installed transient /etc/machine-id file.
[   12.581624] systemd[1]: Reached target User and Group Name Lookups.
[[0;32m  OK  [0m] Reached target User and Group Name Lookups.
[   12.582946] systemd[1]: Reached target Swap.
[[0;32m  OK  [0m] Reached target Swap.
[   12.584800] systemd[1]: Created slice User and Session Slice.
[[0;32m  OK  [0m] Created slice User and Session Slice.
[   12.586087] systemd[1]: Set up automount Arbitrary Executable File Formats File System Automount Point.
[[0;32m  OK  [0m] Set up automount Arbitrary Executab…rmats File System Automount Point.
[[0;32m  OK  [0m] Reached target System Time Synchronized.
[[0;32m  OK  [0m] Started Forward Password Requests to Wall Directory Watch.
[[0;32m  OK  [0m] Created slice System Slice.
[[0;32m  OK  [0m] Listening on Device-mapper event daemon FIFOs.
[[0;32m  OK  [0m] Listening on udev Control Socket.
[[0;32m  OK  [0m] Listening on Journal Socket (/dev/log).
[[0;32m  OK  [0m] Listening on Syslog Socket.
[[0;32m  OK  [0m] Listening on LVM2 poll daemon socket.
[[0;32m  OK  [0m] Listening on fsck to fsckd communication Socket.
[[0;32m  OK  [0m] Listening on LVM2 metadata daemon socket.
[[0;32m  OK  [0m] Listening on udev Kernel Socket.
[[0;32m  OK  [0m] Listening on /dev/initctl Compatibility Named Pipe.
[[0;32m  OK  [0m] Listening on Journal Audit Socket.
[[0;32m  OK  [0m] Created slice system-serial\x2dgetty.slice.
[[0;32m  OK  [0m] Listening on Network Service Netlink Socket.
[[0;32m  OK  [0m] Listening on Journal Socket.
         Starting Create list of required st…ce nodes for the current kernel...
         Starting Set the console keyboard layout...
         Starting Uncomplicated firewall...
         Starting Journal Service...
         Mounting Huge Pages File System...
         Mounting POSIX Message Queue File System...
         Starting File System Check on Root Device...
         Starting Load Kernel Modules...
         Starting Monitoring of LVM2 mirrors…ng dmeventd or progress polling...
         Mounting Kernel Debug File System...
         Starting udev Coldplug all Devices...
[[0;32m  OK  [0m] Reached target Slices.
[[0;32m  OK  [0m] Started Journal Service.
[[0;32m  OK  [0m] Started Create list of required sta…vice nodes for the current kernel.
[[0;32m  OK  [0m] Started Uncomplicated firewall.
[[0;32m  OK  [0m] Mounted Huge Pages File System.
[[0;32m  OK  [0m] Mounted POSIX Message Queue File System.
[[0;32m  OK  [0m] Mounted Kernel Debug File System.
[[0;32m  OK  [0m] Started File System Check Daemon to report status.
[   12.680357] Loading iSCSI transport class v2.0-870.
         Starting Create Static Device Nodes in /dev...
[   12.687161] iscsi: registered transport (tcp)
[[0;32m  OK  [0m] Started LVM2 metadata daemon.
[[0;32m  OK  [0m] Started udev Coldplug all Devices.
[[0;32m  OK  [0m] Started File Sys[   12.777280] iscsi: registered transport (iser)
tem Check on Root Device.
[[0;32m  OK  [0m] Started Create Static Device Nodes in /dev.
[[0;32m  OK  [0m] Started Load Kernel Modules.
         Mounting Kernel Configuration File System...
         Starting Apply Kernel Variables...
         Mounting FUSE Control File System...
         Starting Remount Root and Kernel File Systems...
[[0;32m  OK  [0m] Mounted Kernel Configuration File System.
[[0;32m  OK  [0m] Mounted FUSE Control File System.
[[0;32m  OK  [0m] Started Monitoring of LVM2 mirrors,…sing dmeventd or progress polling.
[[0;32m  OK  [0m] Started Remount Root and Kernel File Systems.
         Starting Load/Save Random Seed...
         Starting udev Kernel Device Manager...
         Starting Flush Journal to Persistent Storage...
[[0;32m  OK  [0m] Started Apply Kernel Variables.
[[0;32m  OK  [0m] Started Load/Save Random Seed.
[[0;32m  OK  [0m] Started udev Kernel Device Manager.
[[0;32m  OK  [0m] Started Flush Journal to Persistent Storage.
[[0;32m  OK  [0m] Found device /dev/ttyS0.
[[0;32m  OK  [0m] Listening on Load/Save RF Kill Switch Status /dev/rfkill Watch.
         Mounting Arbitrary Executable File Formats File System...
[[0;32m  OK  [0m] Mounted Arbitrary Executable File Formats File System.
[[0;32m  OK  [0m] Started Set the console keyboard layout.
[[0;32m  OK  [0m] Started Dispatch Password Requests to Console Directory Watch.
[[0;32m  OK  [0m] Reached target Local Encrypted Volumes.
[[0;32m  OK  [0m] Reached target Local File Systems (Pre).
[[0;32m  OK  [0m] Reached target Local File Systems.
         Starting Set console font and keymap...
         Starting Tell Plymouth To Write Out Runtime Data...
         Starting AppArmor initialization...
         Starting Create Volatile Files and Directories...
         Starting ebtables ruleset management...
         Starting Commit a transient machine-id on disk...
[[0;32m  OK  [0m] Started Tell Plymouth To Write Out Runtime Data.
[[0;32m  OK  [0m] Started Create Volatile Files and Directories.
         Starting Update UTMP about System Boot/Shutdown...
[[0;32m  OK  [0m] Started Update UTMP about System Boot/Shutdown.
[[0;32m  OK  [0m] Started Commit a transient machine-id on disk.
[[0;32m  OK  [0m] Started ebtables ruleset management.
[[0;32m  OK  [0m] Started AppArmor initialization.
         Starting Load AppArmor profiles managed internally by snapd...
         Starting Initial cloud-init job (pre-networking)...
[[0;32m  OK  [0m] Started Load AppArmor profiles managed internally by snapd.
[[0;32m  OK  [0m] Started Set console font and keymap.
[   16.062668] cloud-init[813]: Cloud-init v. 22.3.4-0ubuntu1~18.04.1 running 'init-local' at Thu, 24 Nov 2022 05:22:47 +0000. Up 15.72 seconds.
[[0;32m  OK  [0m] Started Initial cloud-init job (pre-networking).
[[0;32m  OK  [0m] Reached target Network (Pre).
         Starting Network Service...
[[0;32m  OK  [0m] Started Network Service.
         Starting Network Name Resolution...
         Starting Wait for Network to be Configured...
[[0;32m  OK  [0m] Started Network Name Resolution.
[[0;32m  OK  [0m] Reached target Network.
[[0;32m  OK  [0m] Reached target Host and Network Name Lookups.
[[0;32m  OK  [0m] Started Wait for Network to be Configured.
         Starting Initial cloud-init job (metadata service crawler)...
[   18.027742] cloud-init[970]: Cloud-init v. 22.3.4-0ubuntu1~18.04.1 running 'init' at Thu, 24 Nov 2022 05:22:49 +0000. Up 17.92 seconds.
[   18.028922] cloud-init[970]: ci-info: ++++++++++++++++++++++++++++++++++++++Net device info++++++++++++++++++++++++++++++++++++++
[   18.040153] cloud-init[970]: ci-info: +--------+------+----------------------------+---------------+--------+-------------------+
[   18.052279] cloud-init[970]: ci-info: | Device |  Up  |          Address           |      Mask     | Scope  |     Hw-Address    |
[   18.053852] cloud-init[970]: ci-info: +--------+------+----------------------------+---------------+--------+-------------------+
[   18.055479] cloud-init[970]: ci-info: | enp0s3 | True |         10.0.2.15          | 255.255.255.0 | global | 02:a6:12:9f:2a:1a |
[   18.057091] cloud-init[970]: ci-info: | enp0s3 | True | fe80::a6:12ff:fe9f:2a1a/64 |       .       |  link  | 02:a6:12:9f:2a:1a |
[   18.059584] cloud-init[970]: ci-info: |   lo   | True |         127.0.0.1          |   255.0.0.0   |  host  |         .         |
[   18.060751] cloud-init[970]: ci-info: |   lo   | True |          ::1/128           |       .       |  host  |         .         |
[   18.061748] cloud-init[970]: ci-info: +--------+------+----------------------------+---------------+--------+-------------------+
[   18.062634] cloud-init[970]: ci-info: ++++++++++++++++++++++++++++Route IPv4 info+++++++++++++++++++++++++++++
[   18.063551] cloud-init[970]: ci-info: +-------+-------------+----------+-----------------+-----------+-------+
[   18.064367] cloud-init[970]: ci-info: | Route | Destination | Gateway  |     Genmask     | Interface | Flags |
[   18.065159] cloud-init[970]: ci-info: +-------+-------------+----------+-----------------+-----------+-------+
[   18.066418] cloud-init[970]: ci-info: |   0   |   0.0.0.0   | 10.0.2.2 |     0.0.0.0     |   enp0s3  |   UG  |
[   18.067649] cloud-init[970]: ci-info: |   1   |   10.0.2.0  | 0.0.0.0  |  255.255.255.0  |   enp0s3  |   U   |
[   18.069017] cloud-init[970]: ci-info: |   2   |   10.0.2.2  | 0.0.0.0  | 255.255.255.255 |   enp0s3  |   UH  |
[   18.070203] cloud-init[970]: ci-info: +-------+-------------+----------+-----------------+-----------+-------+
[   18.071399] cloud-init[970]: ci-info: +++++++++++++++++++Route IPv6 info+++++++++++++++++++
[   18.072431] cloud-init[970]: ci-info: +-------+-------------+---------+-----------+-------+
[   18.088131] cloud-init[970]: ci-info: | Route | Destination | Gateway | Interface | Flags |
[   18.088845] cloud-init[970]: ci-info: +-------+-------------+---------+-----------+-------+
[   18.089504] cloud-init[970]: ci-info: |   1   |  fe80::/64  |    ::   |   enp0s3  |   U   |
[   18.090176] cloud-init[970]: ci-info: |   3   |    local    |    ::   |   enp0s3  |   U   |
[   18.090839] cloud-init[970]: ci-info: |   4   |   ff00::/8  |    ::   |   enp0s3  |   U   |
[   18.091496] cloud-init[970]: ci-info: +-------+-------------+---------+-----------+-------+
[   19.749217] cloud-init[970]: Generating public/private rsa key pair.
[   19.751156] cloud-init[970]: Your identification has been saved in /etc/ssh/ssh_host_rsa_key.
[   19.752512] cloud-init[970]: Your public key has been saved in /etc/ssh/ssh_host_rsa_key.pub.
[   19.753355] cloud-init[970]: The key fingerprint is:
[   19.753918] cloud-init[970]: SHA256:13BR/Ri5SS983KFrLPdR6nRd1y8NGOLcdDdqwnDRGI4 root@ubuntu-bionic
[   19.754806] cloud-init[970]: The key's randomart image is:
[   19.755330] cloud-init[970]: +---[RSA 2048]----+
[   19.755739] cloud-init[970]: |           o*..o |
[   19.756167] cloud-init[970]: |         .+ooo=oo|
[   19.756601] cloud-init[970]: |         E==.*oO*|
[   19.756995] cloud-init[970]: |          o*o+B @|
[   19.757501] cloud-init[970]: |        S . = .**|
[   19.757969] cloud-init[970]: |         . . =+.=|
[   19.758444] cloud-init[970]: |            +o.o.|
[   19.758978] cloud-init[970]: |              .. |
[   19.759402] cloud-init[970]: |                 |
[   19.768592] cloud-init[970]: +----[SHA256]-----+
[   19.769133] cloud-init[970]: Generating public/private dsa key pair.
[   19.769753] cloud-init[970]: Your identification has been saved in /etc/ssh/ssh_host_dsa_key.
[   19.770650] cloud-init[970]: Your public key has been saved in /etc/ssh/ssh_host_dsa_key.pub.
[   19.771506] cloud-init[970]: The key fingerprint is:
[   19.772053] cloud-init[970]: SHA256:y+V0D0+yXAk/m81YIoTK10cELlPGChZnVxPQVNh5aX4 root@ubuntu-bionic
[   19.772844] cloud-init[970]: The key's randomart image is:
[   19.773368] cloud-init[970]: +---[DSA 1024]----+
[   19.773839] cloud-init[970]: |        ..o.***=+|
[   19.774297] cloud-init[970]: |        oo *..o=o|
[   19.774782] cloud-init[970]: |       . .+.+ + .|
[   19.775254] cloud-init[970]: |       . ..= + oE|
[   19.775742] cloud-init[970]: |        S + * O o|
[   19.776236] cloud-init[970]: |       . * o @ X |
[   19.776704] cloud-init[970]: |        o . o * o|
[   19.777200] cloud-init[970]: |                 |
[   19.777665] cloud-init[970]: |                 |
[   19.778123] cloud-init[970]: +----[SHA256]-----+
[   19.778609] cloud-init[970]: Generating public/private ecdsa key pair.
[   19.779221] cloud-init[970]: Your identification has been saved in /etc/ssh/ssh_host_ecdsa_key.
[   19.780036] cloud-init[970]: Your public key has been saved in /etc/ssh/ssh_host_ecdsa_key.pub.
[   19.780846] cloud-init[970]: The key fingerprint is:
[   19.781303] cloud-init[970]: SHA256:CQRcfGEks6hoFG3x7PkwRRig5YjoJGKddBZBZsjIntk root@ubuntu-bionic
[   19.782013] cloud-init[970]: The key's randomart image is:
[   19.782473] cloud-init[970]: +---[ECDSA 256]---+
[   19.782863] cloud-init[970]: |..+**&Xo+.       |
[   19.783256] cloud-init[970]: |ooO=X+o=.        |
[   19.783639] cloud-init[970]: |**=+.ooo         |
[   19.784046] cloud-init[970]: |B= E. o. .       |
[   19.784446] cloud-init[970]: |.o.  =  S        |
[   19.784830] cloud-init[970]: |.     +          |
[   19.785251] cloud-init[970]: |       .         |
[   19.785634] cloud-init[970]: |                 |
[   19.786018] cloud-init[970]: |                 |
[   19.786414] cloud-init[970]: +----[SHA256]-----+
[   19.786813] cloud-init[970]: Generating public/private ed25519 key pair.
[   19.787352] cloud-init[970]: Your identification has been saved in /etc/ssh/ssh_host_ed25519_key.
[   19.788087] cloud-init[970]: Your public key has been saved in /etc/ssh/ssh_host_ed25519_key.pub.
[   19.788800] cloud-init[970]: The key fingerprint is:
[   19.789260] cloud-init[970]: SHA256:+kBCAR4BX7LcLYAKZZa9MEWfKeIEhdHZwy04hEkVU4U root@ubuntu-bionic
[   19.790178] cloud-init[970]: The key's randomart image is:
[   19.790741] cloud-init[970]: +--[ED25519 256]--+
[   19.791213] cloud-init[970]: |=&&/Boo.         |
[   19.791676] cloud-init[970]: |*BOBBE.o         |
[   19.792210] cloud-init[970]: |o B+=+=          |
[   19.792696] cloud-init[970]: |.o o.o           |
[   19.804244] cloud-init[970]: |  . . . S        |
[   19.804736] cloud-init[970]: |     o .         |
[   19.805262] cloud-init[970]: |      o          |
[   19.805751] cloud-init[970]: |       o         |
[   19.806362] cloud-init[970]: |        .        |
[   19.806867] cloud-init[970]: +----[SHA256]-----+
[[0;32m  OK  [0m] Started Initial cloud-init job (metadata service crawler).
[[0;32m  OK  [0m] Reached target Cloud-config availability.
[[0;32m  OK  [0m] Reached target System Initialization.
[[0;32m  OK  [0m] Listening on D-Bus System Message Bus Socket.
         Starting LXD - unix socket.
[[0;32m  OK  [0m] Started Discard unused blocks once a week.
[[0;32m  OK  [0m] Listening on Open-iSCSI iscsid Socket.
         Starting Socket activation for snappy daemon.
[[0;32m  OK  [0m] Started Message of the Day.
[[0;32m  OK  [0m] Started Ubuntu Advantage Timer for running repeated jobs.
[[0;32m  OK  [0m] Listening on ACPID Listen Socket.
[[0;32m  OK  [0m] Started Daily apt download activities.
[[0;32m  OK  [0m] Started ACPI Events Check.
[[0;32m  OK  [0m] Listening on UUID daemon activation socket.
[[0;32m  OK  [0m] Reached target Paths.
[[0;32m  OK  [0m] Started Daily apt upgrade and clean activities.
[[0;32m  OK  [0m] Started Daily Cleanup of Temporary Directories.
[[0;32m  OK  [0m] Reached target Timers.
[[0;32m  OK  [0m] Listening on cloud-init hotplug hook socket.
[[0;32m  OK  [0m] Reached target Network is Online.
         Starting Availability of block devices...
[[0;32m  OK  [0m] Reached target Remote File Systems (Pre).
[[0;32m  OK  [0m] Reached target Remote File Systems.
[[0;32m  OK  [0m] Listening on LXD - unix socket.
[[0;32m  OK  [0m] Listening on Socket activation for snappy daemon.
[[0;32m  OK  [0m] Reached target Sockets.
[[0;32m  OK  [0m] Reached target Basic System.
         Starting Login Service...
         Starting Virtualbox guest utils...
[[0;32m  OK  [0m] Started D-Bus System Message Bus.
         Starting LSB: Record successful boot for GRUB...
         Starting LXD - container startup/shutdown...
         Starting System Logging Service...
         Starting LSB: automatic crash report generation...
         Starting Accounts Service...
[[0;32m  OK  [0m] Started Deferred execution scheduler.
         Starting Permit User Sessions...
[[0;32m  OK  [0m] Started FUSE filesystem for LXC.
[[0;32m  OK  [0m] Reached target Login Prompts (Pre).
[[0;32m  OK  [0m] Started Regular background program processing daemon.
         Starting Snap Daemon...
[[0;32m  OK  [0m] Started irqbalance daemon.
         Starting Dispatcher daemon for systemd-networkd...
         Starting Pollinate to seed the pseudo random number generator...
[[0;32m  OK  [0m] Started System Logging Service.
[[0;32m  OK  [0m] Started Availability of block devices.
[[0;32m  OK  [0m] Started LXD - container startup/shutdown.
[[0;32m  OK  [0m] Started Permit User Sessions.
[[0;32m  OK  [0m] Started Login Service.
         Starting Authorization Manager...
[[0;32m  OK  [0m] Started Unattended Upgrades Shutdown.
         Starting Terminate Plymouth Boot Screen...
         Starting Hold until boot process finishes up...
[[0;32m  OK  [0m] Started Hold until boot process finishes up.
         Starting Set console scheme...
[[0;32m  OK  [0m] Started Serial Getty on ttyS0.
[[0;32m  OK  [0m] Started LSB: automatic crash report generation.
[[0;32m  OK  [0m] Started Terminate Plymouth Boot Screen.
[[0;32m  OK  [0m] Started Set console scheme.
[[0;32m  OK  [0m] Created slice system-getty.slice.
[[0;32m  OK  [0m] Started Getty on tty1.
[[0;32m  OK  [0m] Reached target Login Prompts.
[[0;32m  OK  [0m] Started LSB: Record successful boot for GRUB.
[[0;32m  OK  [0m] Started Authorization Manager.
[[0;32m  OK  [0m] Started Accounts Service.
[[0;32m  OK  [0m] Started Virtualbox guest utils.
[[0;32m  OK  [0m] Started Dispatcher daemon for systemd-networkd.
[[0;32m  OK  [0m] Started Snap Daemon.
         Starting Wait until snapd is fully seeded...
         Starting Time & Date Service...
[[0;32m  OK  [0m] Started Time & Date Service.
[[0;32m  OK  [0m] Started Pollinate to seed the pseudo random number generator.
         Starting OpenBSD Secure Shell server...
[[0;32m  OK  [0m] Started OpenBSD Secure Shell server.
[[0;32m  OK  [0m] Created slice User Slice of vagrant.
         Starting User Manager for UID 1000...
[[0;32m  OK  [0m] Started Session 1 of user vagrant.
[[0;32m  OK  [0m] Started User Manager for UID 1000.
[[0;32m  OK  [0m] Started Wait until snapd is fully seeded.
         Starting Apply the settings specified in cloud-config...
[   24.399736] cloud-init[1626]: Cloud-init v. 22.3.4-0ubuntu1~18.04.1 running 'modules:config' at Thu, 24 Nov 2022 05:22:55 +0000. Up 24.03 seconds.
[[0;32m  OK  [0m] Started Apply the settings specified in cloud-config.
[[0;32m  OK  [0m] Reached target Multi-User System.
         Starting Execute cloud user/final scripts...
[[0;32m  OK  [0m] Reached target Graphical Interface.
         Starting Update UTMP about System Runlevel Changes...
[[0;32m  OK  [0m] Started Update UTMP about System Runlevel Changes.
ci-info: no authorized SSH keys fingerprints found for user ubuntu.
<14>Nov 24 05:22:56 cloud-init: #############################################################
<14>Nov 24 05:22:56 cloud-init: -----BEGIN SSH HOST KEY FINGERPRINTS-----
<14>Nov 24 05:22:56 cloud-init: 1024 SHA256:y+V0D0+yXAk/m81YIoTK10cELlPGChZnVxPQVNh5aX4 root@ubuntu-bionic (DSA)
<14>Nov 24 05:22:56 cloud-init: 256 SHA256:CQRcfGEks6hoFG3x7PkwRRig5YjoJGKddBZBZsjIntk root@ubuntu-bionic (ECDSA)
<14>Nov 24 05:22:56 cloud-init: 256 SHA256:+kBCAR4BX7LcLYAKZZa9MEWfKeIEhdHZwy04hEkVU4U root@ubuntu-bionic (ED25519)
<14>Nov 24 05:22:56 cloud-init: 2048 SHA256:13BR/Ri5SS983KFrLPdR6nRd1y8NGOLcdDdqwnDRGI4 root@ubuntu-bionic (RSA)
<14>Nov 24 05:22:56 cloud-init: -----END SSH HOST KEY FINGERPRINTS-----
<14>Nov 24 05:22:56 cloud-init: #############################################################
-----BEGIN SSH HOST KEY KEYS-----
ecdsa-sha2-nistp256 AAAAE2VjZHNhLXNoYTItbmlzdHAyNTYAAAAIbmlzdHAyNTYAAABBBP1Sc8MOhNBA8EGyQz5NvqvUo2yQPFZ52HEBofVGKhcFmbqLKfrVRx2CyolrA61KkiIobjjqS/Y9Aa6GEu2GQbo= root@ubuntu-bionic
ssh-ed25519 AAAAC3NzaC1lZDI1NTE5AAAAIBGV95ASxxvFVzJgq25Lok9HvjSH7qiSZKTL41+B4YhX root@ubuntu-bionic
ssh-rsa AAAAB3NzaC1yc2EAAAADAQABAAABAQCqFRDpx1mJKb68FyQ8terxvz/AaipoAt/80CFppf5GjD55Itad5+ZNs0Z4kYrlP3C1A/3JgvGyTnlkRQOu62cT6k+cz1BZ1mMU9o3GKoEr7PSrIk72CX2jnT+UCd8pwzhlL7KY89g1syfLsDfvCzTgTeqHYnl+Zyg82LHEAxU3fkvWnHt2+V1goBHrrUedbHaRirs8X4cP+O37aREJg5+4KnMMSytjSGJUmnRqthtTzunTSkS7tfqwkUoCvkcqg/kZJNZQzxO8WH9wwn3DJE3gGoOGtNM4bChCm9JuWxHz/0Uz9KD0urDX1PpXxJOyvAMGCtWs7ffW1TzLEpMAPlHJ root@ubuntu-bionic
-----END SSH HOST KEY KEYS-----
[   25.048979] cloud-init[1723]: Cloud-init v. 22.3.4-0ubuntu1~18.04.1 running 'modules:final' at Thu, 24 Nov 2022 05:22:56 +0000. Up 24.87 seconds.
[   25.049928] cloud-init[1723]: Cloud-init v. 22.3.4-0ubuntu1~18.04.1 finished at Thu, 24 Nov 2022 05:22:56 +0000. Datasource DataSourceNoCloud [seed=/dev/sdb][dsmode=net].  Up 25.03 seconds
[[0;32m  OK  [0m] Started Execute cloud user/final scripts.
[[0;32m  OK  [0m] Reached target Cloud-init target.

Ubuntu 18.04.6 LTS ubuntu-bionic ttyS0

ubuntu-bionic login: 